   1               		.file	"ws2812b.c"
   2               	__SREG__ = 0x3f
   3               	__SP_H__ = 0x3e
   4               	__SP_L__ = 0x3d
   5               	__CCP__  = 0x34
   6               	__tmp_reg__ = 0
   7               	__zero_reg__ = 1
  15               	.Ltext0:
  16               	.global	WS2812B_Gpio_Init
  18               	WS2812B_Gpio_Init:
  19               	.LFB6:
  20               	.LM1:
  21               	/* prologue: function */
  22               	/* frame size = 0 */
  23               	.LM2:
  24 0000 559A      		sbi 42-32,5
  25               	.LM3:
  26 0002 5D98      		cbi 43-32,5
  27               	/* epilogue start */
  28               	.LM4:
  29 0004 0895      		ret
  30               	.LFE6:
  32               	.global	WS2812B_Send_Byte
  34               	WS2812B_Send_Byte:
  35               	.LFB7:
  36               	.LM5:
  37               	.LVL0:
  38               	/* prologue: function */
  39               	/* frame size = 0 */
  40               	.LM6:
  41 0006 87FF      		sbrs r24,7
  42 0008 00C0      		rjmp .L4
  43               	.LM7:
  44 000a 5D9A      		sbi 43-32,5
  45               	.LM8:
  46               	/* #APP */
  47               	 ;  26 "ws2812b.c" 1
  48 000c 0000      		nop 
  49               	 ;  0 "" 2
  50               	.LM9:
  51               	 ;  27 "ws2812b.c" 1
  52 000e 0000      		nop 
  53               	 ;  0 "" 2
  54               	.LM10:
  55               	 ;  28 "ws2812b.c" 1
  56 0010 0000      		nop 
  57               	 ;  0 "" 2
  58               	.LM11:
  59               	 ;  29 "ws2812b.c" 1
  60 0012 0000      		nop 
  61               	 ;  0 "" 2
  62               	.LM12:
  63               	 ;  30 "ws2812b.c" 1
  64 0014 0000      		nop 
  65               	 ;  0 "" 2
  66               	.LM13:
  67               	 ;  31 "ws2812b.c" 1
  68 0016 0000      		nop 
  69               	 ;  0 "" 2
  70               	.LM14:
  71               	 ;  32 "ws2812b.c" 1
  72 0018 0000      		nop 
  73               	 ;  0 "" 2
  74               	.LM15:
  75               	 ;  33 "ws2812b.c" 1
  76 001a 0000      		nop 
  77               	 ;  0 "" 2
  78               	.LM16:
  79               	/* #NOAPP */
  80 001c 5D98      		cbi 43-32,5
  81 001e 00C0      		rjmp .L5
  82               	.L4:
  83               	.LM17:
  84 0020 5D9A      		sbi 43-32,5
  85               	.LM18:
  86               	/* #APP */
  87               	 ;  37 "ws2812b.c" 1
  88 0022 0000      		nop 
  89               	 ;  0 "" 2
  90               	.LM19:
  91               	 ;  38 "ws2812b.c" 1
  92 0024 0000      		nop 
  93               	 ;  0 "" 2
  94               	.LM20:
  95               	 ;  39 "ws2812b.c" 1
  96 0026 0000      		nop 
  97               	 ;  0 "" 2
  98               	.LM21:
  99               	/* #NOAPP */
 100 0028 5D98      		cbi 43-32,5
 101               	.LM22:
 102               	/* #APP */
 103               	 ;  41 "ws2812b.c" 1
 104 002a 0000      		nop 
 105               	 ;  0 "" 2
 106               	.LM23:
 107               	 ;  42 "ws2812b.c" 1
 108 002c 0000      		nop 
 109               	 ;  0 "" 2
 110               	.LM24:
 111               	 ;  43 "ws2812b.c" 1
 112 002e 0000      		nop 
 113               	 ;  0 "" 2
 114               	.LM25:
 115               	 ;  44 "ws2812b.c" 1
 116 0030 0000      		nop 
 117               	 ;  0 "" 2
 118               	.LM26:
 119               	 ;  45 "ws2812b.c" 1
 120 0032 0000      		nop 
 121               	 ;  0 "" 2
 122               	/* #NOAPP */
 123               	.L5:
 124               	.LM27:
 125 0034 86FF      		sbrs r24,6
 126 0036 00C0      		rjmp .L6
 127               	.LVL1:
 128               	.LM28:
 129 0038 5D9A      		sbi 43-32,5
 130               	.LM29:
 131               	/* #APP */
 132               	 ;  51 "ws2812b.c" 1
 133 003a 0000      		nop 
 134               	 ;  0 "" 2
 135               	.LM30:
 136               	 ;  52 "ws2812b.c" 1
 137 003c 0000      		nop 
 138               	 ;  0 "" 2
 139               	.LM31:
 140               	 ;  53 "ws2812b.c" 1
 141 003e 0000      		nop 
 142               	 ;  0 "" 2
 143               	.LM32:
 144               	 ;  54 "ws2812b.c" 1
 145 0040 0000      		nop 
 146               	 ;  0 "" 2
 147               	.LM33:
 148               	 ;  55 "ws2812b.c" 1
 149 0042 0000      		nop 
 150               	 ;  0 "" 2
 151               	.LM34:
 152               	 ;  56 "ws2812b.c" 1
 153 0044 0000      		nop 
 154               	 ;  0 "" 2
 155               	.LM35:
 156               	 ;  57 "ws2812b.c" 1
 157 0046 0000      		nop 
 158               	 ;  0 "" 2
 159               	.LM36:
 160               	 ;  58 "ws2812b.c" 1
 161 0048 0000      		nop 
 162               	 ;  0 "" 2
 163               	.LM37:
 164               	/* #NOAPP */
 165 004a 5D98      		cbi 43-32,5
 166 004c 00C0      		rjmp .L7
 167               	.L6:
 168               	.LM38:
 169 004e 5D9A      		sbi 43-32,5
 170               	.LM39:
 171               	/* #APP */
 172               	 ;  62 "ws2812b.c" 1
 173 0050 0000      		nop 
 174               	 ;  0 "" 2
 175               	.LM40:
 176               	 ;  63 "ws2812b.c" 1
 177 0052 0000      		nop 
 178               	 ;  0 "" 2
 179               	.LM41:
 180               	 ;  64 "ws2812b.c" 1
 181 0054 0000      		nop 
 182               	 ;  0 "" 2
 183               	.LM42:
 184               	/* #NOAPP */
 185 0056 5D98      		cbi 43-32,5
 186               	.LM43:
 187               	/* #APP */
 188               	 ;  66 "ws2812b.c" 1
 189 0058 0000      		nop 
 190               	 ;  0 "" 2
 191               	.LM44:
 192               	 ;  67 "ws2812b.c" 1
 193 005a 0000      		nop 
 194               	 ;  0 "" 2
 195               	.LM45:
 196               	 ;  68 "ws2812b.c" 1
 197 005c 0000      		nop 
 198               	 ;  0 "" 2
 199               	.LM46:
 200               	 ;  69 "ws2812b.c" 1
 201 005e 0000      		nop 
 202               	 ;  0 "" 2
 203               	.LM47:
 204               	 ;  70 "ws2812b.c" 1
 205 0060 0000      		nop 
 206               	 ;  0 "" 2
 207               	/* #NOAPP */
 208               	.L7:
 209               	.LM48:
 210 0062 85FF      		sbrs r24,5
 211 0064 00C0      		rjmp .L8
 212               	.LM49:
 213 0066 5D9A      		sbi 43-32,5
 214               	.LM50:
 215               	/* #APP */
 216               	 ;  76 "ws2812b.c" 1
 217 0068 0000      		nop 
 218               	 ;  0 "" 2
 219               	.LM51:
 220               	 ;  77 "ws2812b.c" 1
 221 006a 0000      		nop 
 222               	 ;  0 "" 2
 223               	.LM52:
 224               	 ;  78 "ws2812b.c" 1
 225 006c 0000      		nop 
 226               	 ;  0 "" 2
 227               	.LM53:
 228               	 ;  79 "ws2812b.c" 1
 229 006e 0000      		nop 
 230               	 ;  0 "" 2
 231               	.LM54:
 232               	 ;  80 "ws2812b.c" 1
 233 0070 0000      		nop 
 234               	 ;  0 "" 2
 235               	.LM55:
 236               	 ;  81 "ws2812b.c" 1
 237 0072 0000      		nop 
 238               	 ;  0 "" 2
 239               	.LM56:
 240               	 ;  82 "ws2812b.c" 1
 241 0074 0000      		nop 
 242               	 ;  0 "" 2
 243               	.LM57:
 244               	 ;  83 "ws2812b.c" 1
 245 0076 0000      		nop 
 246               	 ;  0 "" 2
 247               	.LM58:
 248               	/* #NOAPP */
 249 0078 5D98      		cbi 43-32,5
 250 007a 00C0      		rjmp .L9
 251               	.L8:
 252               	.LM59:
 253 007c 5D9A      		sbi 43-32,5
 254               	.LM60:
 255               	/* #APP */
 256               	 ;  87 "ws2812b.c" 1
 257 007e 0000      		nop 
 258               	 ;  0 "" 2
 259               	.LM61:
 260               	 ;  88 "ws2812b.c" 1
 261 0080 0000      		nop 
 262               	 ;  0 "" 2
 263               	.LM62:
 264               	 ;  89 "ws2812b.c" 1
 265 0082 0000      		nop 
 266               	 ;  0 "" 2
 267               	.LM63:
 268               	/* #NOAPP */
 269 0084 5D98      		cbi 43-32,5
 270               	.LM64:
 271               	/* #APP */
 272               	 ;  91 "ws2812b.c" 1
 273 0086 0000      		nop 
 274               	 ;  0 "" 2
 275               	.LM65:
 276               	 ;  92 "ws2812b.c" 1
 277 0088 0000      		nop 
 278               	 ;  0 "" 2
 279               	.LM66:
 280               	 ;  93 "ws2812b.c" 1
 281 008a 0000      		nop 
 282               	 ;  0 "" 2
 283               	.LM67:
 284               	 ;  94 "ws2812b.c" 1
 285 008c 0000      		nop 
 286               	 ;  0 "" 2
 287               	.LM68:
 288               	 ;  95 "ws2812b.c" 1
 289 008e 0000      		nop 
 290               	 ;  0 "" 2
 291               	/* #NOAPP */
 292               	.L9:
 293               	.LM69:
 294 0090 84FF      		sbrs r24,4
 295 0092 00C0      		rjmp .L10
 296               	.LM70:
 297 0094 5D9A      		sbi 43-32,5
 298               	.LM71:
 299               	/* #APP */
 300               	 ;  101 "ws2812b.c" 1
 301 0096 0000      		nop 
 302               	 ;  0 "" 2
 303               	.LM72:
 304               	 ;  102 "ws2812b.c" 1
 305 0098 0000      		nop 
 306               	 ;  0 "" 2
 307               	.LM73:
 308               	 ;  103 "ws2812b.c" 1
 309 009a 0000      		nop 
 310               	 ;  0 "" 2
 311               	.LM74:
 312               	 ;  104 "ws2812b.c" 1
 313 009c 0000      		nop 
 314               	 ;  0 "" 2
 315               	.LM75:
 316               	 ;  105 "ws2812b.c" 1
 317 009e 0000      		nop 
 318               	 ;  0 "" 2
 319               	.LM76:
 320               	 ;  106 "ws2812b.c" 1
 321 00a0 0000      		nop 
 322               	 ;  0 "" 2
 323               	.LM77:
 324               	 ;  107 "ws2812b.c" 1
 325 00a2 0000      		nop 
 326               	 ;  0 "" 2
 327               	.LM78:
 328               	 ;  108 "ws2812b.c" 1
 329 00a4 0000      		nop 
 330               	 ;  0 "" 2
 331               	.LM79:
 332               	/* #NOAPP */
 333 00a6 5D98      		cbi 43-32,5
 334 00a8 00C0      		rjmp .L11
 335               	.L10:
 336               	.LM80:
 337 00aa 5D9A      		sbi 43-32,5
 338               	.LM81:
 339               	/* #APP */
 340               	 ;  112 "ws2812b.c" 1
 341 00ac 0000      		nop 
 342               	 ;  0 "" 2
 343               	.LM82:
 344               	 ;  113 "ws2812b.c" 1
 345 00ae 0000      		nop 
 346               	 ;  0 "" 2
 347               	.LM83:
 348               	 ;  114 "ws2812b.c" 1
 349 00b0 0000      		nop 
 350               	 ;  0 "" 2
 351               	.LM84:
 352               	/* #NOAPP */
 353 00b2 5D98      		cbi 43-32,5
 354               	.LM85:
 355               	/* #APP */
 356               	 ;  116 "ws2812b.c" 1
 357 00b4 0000      		nop 
 358               	 ;  0 "" 2
 359               	.LM86:
 360               	 ;  117 "ws2812b.c" 1
 361 00b6 0000      		nop 
 362               	 ;  0 "" 2
 363               	.LM87:
 364               	 ;  118 "ws2812b.c" 1
 365 00b8 0000      		nop 
 366               	 ;  0 "" 2
 367               	.LM88:
 368               	 ;  119 "ws2812b.c" 1
 369 00ba 0000      		nop 
 370               	 ;  0 "" 2
 371               	.LM89:
 372               	 ;  120 "ws2812b.c" 1
 373 00bc 0000      		nop 
 374               	 ;  0 "" 2
 375               	/* #NOAPP */
 376               	.L11:
 377               	.LM90:
 378 00be 83FF      		sbrs r24,3
 379 00c0 00C0      		rjmp .L12
 380               	.LM91:
 381 00c2 5D9A      		sbi 43-32,5
 382               	.LM92:
 383               	/* #APP */
 384               	 ;  126 "ws2812b.c" 1
 385 00c4 0000      		nop 
 386               	 ;  0 "" 2
 387               	.LM93:
 388               	 ;  127 "ws2812b.c" 1
 389 00c6 0000      		nop 
 390               	 ;  0 "" 2
 391               	.LM94:
 392               	 ;  128 "ws2812b.c" 1
 393 00c8 0000      		nop 
 394               	 ;  0 "" 2
 395               	.LM95:
 396               	 ;  129 "ws2812b.c" 1
 397 00ca 0000      		nop 
 398               	 ;  0 "" 2
 399               	.LM96:
 400               	 ;  130 "ws2812b.c" 1
 401 00cc 0000      		nop 
 402               	 ;  0 "" 2
 403               	.LM97:
 404               	 ;  131 "ws2812b.c" 1
 405 00ce 0000      		nop 
 406               	 ;  0 "" 2
 407               	.LM98:
 408               	 ;  132 "ws2812b.c" 1
 409 00d0 0000      		nop 
 410               	 ;  0 "" 2
 411               	.LM99:
 412               	 ;  133 "ws2812b.c" 1
 413 00d2 0000      		nop 
 414               	 ;  0 "" 2
 415               	.LM100:
 416               	/* #NOAPP */
 417 00d4 5D98      		cbi 43-32,5
 418 00d6 00C0      		rjmp .L13
 419               	.L12:
 420               	.LM101:
 421 00d8 5D9A      		sbi 43-32,5
 422               	.LM102:
 423               	/* #APP */
 424               	 ;  137 "ws2812b.c" 1
 425 00da 0000      		nop 
 426               	 ;  0 "" 2
 427               	.LM103:
 428               	 ;  138 "ws2812b.c" 1
 429 00dc 0000      		nop 
 430               	 ;  0 "" 2
 431               	.LM104:
 432               	 ;  139 "ws2812b.c" 1
 433 00de 0000      		nop 
 434               	 ;  0 "" 2
 435               	.LM105:
 436               	/* #NOAPP */
 437 00e0 5D98      		cbi 43-32,5
 438               	.LM106:
 439               	/* #APP */
 440               	 ;  141 "ws2812b.c" 1
 441 00e2 0000      		nop 
 442               	 ;  0 "" 2
 443               	.LM107:
 444               	 ;  142 "ws2812b.c" 1
 445 00e4 0000      		nop 
 446               	 ;  0 "" 2
 447               	.LM108:
 448               	 ;  143 "ws2812b.c" 1
 449 00e6 0000      		nop 
 450               	 ;  0 "" 2
 451               	.LM109:
 452               	 ;  144 "ws2812b.c" 1
 453 00e8 0000      		nop 
 454               	 ;  0 "" 2
 455               	.LM110:
 456               	 ;  145 "ws2812b.c" 1
 457 00ea 0000      		nop 
 458               	 ;  0 "" 2
 459               	/* #NOAPP */
 460               	.L13:
 461               	.LM111:
 462 00ec 82FF      		sbrs r24,2
 463 00ee 00C0      		rjmp .L14
 464               	.LM112:
 465 00f0 5D9A      		sbi 43-32,5
 466               	.LM113:
 467               	/* #APP */
 468               	 ;  151 "ws2812b.c" 1
 469 00f2 0000      		nop 
 470               	 ;  0 "" 2
 471               	.LM114:
 472               	 ;  152 "ws2812b.c" 1
 473 00f4 0000      		nop 
 474               	 ;  0 "" 2
 475               	.LM115:
 476               	 ;  153 "ws2812b.c" 1
 477 00f6 0000      		nop 
 478               	 ;  0 "" 2
 479               	.LM116:
 480               	 ;  154 "ws2812b.c" 1
 481 00f8 0000      		nop 
 482               	 ;  0 "" 2
 483               	.LM117:
 484               	 ;  155 "ws2812b.c" 1
 485 00fa 0000      		nop 
 486               	 ;  0 "" 2
 487               	.LM118:
 488               	 ;  156 "ws2812b.c" 1
 489 00fc 0000      		nop 
 490               	 ;  0 "" 2
 491               	.LM119:
 492               	 ;  157 "ws2812b.c" 1
 493 00fe 0000      		nop 
 494               	 ;  0 "" 2
 495               	.LM120:
 496               	 ;  158 "ws2812b.c" 1
 497 0100 0000      		nop 
 498               	 ;  0 "" 2
 499               	.LM121:
 500               	/* #NOAPP */
 501 0102 5D98      		cbi 43-32,5
 502 0104 00C0      		rjmp .L15
 503               	.L14:
 504               	.LM122:
 505 0106 5D9A      		sbi 43-32,5
 506               	.LM123:
 507               	/* #APP */
 508               	 ;  162 "ws2812b.c" 1
 509 0108 0000      		nop 
 510               	 ;  0 "" 2
 511               	.LM124:
 512               	 ;  163 "ws2812b.c" 1
 513 010a 0000      		nop 
 514               	 ;  0 "" 2
 515               	.LM125:
 516               	 ;  164 "ws2812b.c" 1
 517 010c 0000      		nop 
 518               	 ;  0 "" 2
 519               	.LM126:
 520               	/* #NOAPP */
 521 010e 5D98      		cbi 43-32,5
 522               	.LM127:
 523               	/* #APP */
 524               	 ;  166 "ws2812b.c" 1
 525 0110 0000      		nop 
 526               	 ;  0 "" 2
 527               	.LM128:
 528               	 ;  167 "ws2812b.c" 1
 529 0112 0000      		nop 
 530               	 ;  0 "" 2
 531               	.LM129:
 532               	 ;  168 "ws2812b.c" 1
 533 0114 0000      		nop 
 534               	 ;  0 "" 2
 535               	.LM130:
 536               	 ;  169 "ws2812b.c" 1
 537 0116 0000      		nop 
 538               	 ;  0 "" 2
 539               	.LM131:
 540               	 ;  170 "ws2812b.c" 1
 541 0118 0000      		nop 
 542               	 ;  0 "" 2
 543               	/* #NOAPP */
 544               	.L15:
 545               	.LM132:
 546 011a 81FF      		sbrs r24,1
 547 011c 00C0      		rjmp .L16
 548               	.LM133:
 549 011e 5D9A      		sbi 43-32,5
 550               	.LM134:
 551               	/* #APP */
 552               	 ;  176 "ws2812b.c" 1
 553 0120 0000      		nop 
 554               	 ;  0 "" 2
 555               	.LM135:
 556               	 ;  177 "ws2812b.c" 1
 557 0122 0000      		nop 
 558               	 ;  0 "" 2
 559               	.LM136:
 560               	 ;  178 "ws2812b.c" 1
 561 0124 0000      		nop 
 562               	 ;  0 "" 2
 563               	.LM137:
 564               	 ;  179 "ws2812b.c" 1
 565 0126 0000      		nop 
 566               	 ;  0 "" 2
 567               	.LM138:
 568               	 ;  180 "ws2812b.c" 1
 569 0128 0000      		nop 
 570               	 ;  0 "" 2
 571               	.LM139:
 572               	 ;  181 "ws2812b.c" 1
 573 012a 0000      		nop 
 574               	 ;  0 "" 2
 575               	.LM140:
 576               	 ;  182 "ws2812b.c" 1
 577 012c 0000      		nop 
 578               	 ;  0 "" 2
 579               	.LM141:
 580               	 ;  183 "ws2812b.c" 1
 581 012e 0000      		nop 
 582               	 ;  0 "" 2
 583               	.LM142:
 584               	/* #NOAPP */
 585 0130 5D98      		cbi 43-32,5
 586 0132 00C0      		rjmp .L17
 587               	.L16:
 588               	.LM143:
 589 0134 5D9A      		sbi 43-32,5
 590               	.LM144:
 591               	/* #APP */
 592               	 ;  187 "ws2812b.c" 1
 593 0136 0000      		nop 
 594               	 ;  0 "" 2
 595               	.LM145:
 596               	 ;  188 "ws2812b.c" 1
 597 0138 0000      		nop 
 598               	 ;  0 "" 2
 599               	.LM146:
 600               	 ;  189 "ws2812b.c" 1
 601 013a 0000      		nop 
 602               	 ;  0 "" 2
 603               	.LM147:
 604               	/* #NOAPP */
 605 013c 5D98      		cbi 43-32,5
 606               	.LM148:
 607               	/* #APP */
 608               	 ;  191 "ws2812b.c" 1
 609 013e 0000      		nop 
 610               	 ;  0 "" 2
 611               	.LM149:
 612               	 ;  192 "ws2812b.c" 1
 613 0140 0000      		nop 
 614               	 ;  0 "" 2
 615               	.LM150:
 616               	 ;  193 "ws2812b.c" 1
 617 0142 0000      		nop 
 618               	 ;  0 "" 2
 619               	.LM151:
 620               	 ;  194 "ws2812b.c" 1
 621 0144 0000      		nop 
 622               	 ;  0 "" 2
 623               	.LM152:
 624               	 ;  195 "ws2812b.c" 1
 625 0146 0000      		nop 
 626               	 ;  0 "" 2
 627               	/* #NOAPP */
 628               	.L17:
 629               	.LM153:
 630 0148 80FF      		sbrs r24,0
 631 014a 00C0      		rjmp .L18
 632               	.LM154:
 633 014c 5D9A      		sbi 43-32,5
 634               	.LM155:
 635               	/* #APP */
 636               	 ;  201 "ws2812b.c" 1
 637 014e 0000      		nop 
 638               	 ;  0 "" 2
 639               	.LM156:
 640               	 ;  202 "ws2812b.c" 1
 641 0150 0000      		nop 
 642               	 ;  0 "" 2
 643               	.LM157:
 644               	 ;  203 "ws2812b.c" 1
 645 0152 0000      		nop 
 646               	 ;  0 "" 2
 647               	.LM158:
 648               	 ;  204 "ws2812b.c" 1
 649 0154 0000      		nop 
 650               	 ;  0 "" 2
 651               	.LM159:
 652               	 ;  205 "ws2812b.c" 1
 653 0156 0000      		nop 
 654               	 ;  0 "" 2
 655               	.LM160:
 656               	 ;  206 "ws2812b.c" 1
 657 0158 0000      		nop 
 658               	 ;  0 "" 2
 659               	.LM161:
 660               	 ;  207 "ws2812b.c" 1
 661 015a 0000      		nop 
 662               	 ;  0 "" 2
 663               	.LM162:
 664               	 ;  208 "ws2812b.c" 1
 665 015c 0000      		nop 
 666               	 ;  0 "" 2
 667               	.LM163:
 668               	/* #NOAPP */
 669 015e 5D98      		cbi 43-32,5
 670 0160 0895      		ret
 671               	.L18:
 672               	.LM164:
 673 0162 5D9A      		sbi 43-32,5
 674               	.LM165:
 675               	/* #APP */
 676               	 ;  212 "ws2812b.c" 1
 677 0164 0000      		nop 
 678               	 ;  0 "" 2
 679               	.LM166:
 680               	 ;  213 "ws2812b.c" 1
 681 0166 0000      		nop 
 682               	 ;  0 "" 2
 683               	.LM167:
 684               	 ;  214 "ws2812b.c" 1
 685 0168 0000      		nop 
 686               	 ;  0 "" 2
 687               	.LM168:
 688               	/* #NOAPP */
 689 016a 5D98      		cbi 43-32,5
 690               	.LM169:
 691               	/* #APP */
 692               	 ;  216 "ws2812b.c" 1
 693 016c 0000      		nop 
 694               	 ;  0 "" 2
 695               	.LM170:
 696               	 ;  217 "ws2812b.c" 1
 697 016e 0000      		nop 
 698               	 ;  0 "" 2
 699               	.LM171:
 700               	 ;  218 "ws2812b.c" 1
 701 0170 0000      		nop 
 702               	 ;  0 "" 2
 703               	.LM172:
 704               	 ;  219 "ws2812b.c" 1
 705 0172 0000      		nop 
 706               	 ;  0 "" 2
 707               	.LM173:
 708               	 ;  220 "ws2812b.c" 1
 709 0174 0000      		nop 
 710               	 ;  0 "" 2
 711               	/* #NOAPP */
 712 0176 0895      		ret
 713               	.LFE7:
 715               	.global	WS2812B_Send_Pixel
 717               	WS2812B_Send_Pixel:
 718               	.LFB8:
 719               	.LM174:
 720               	.LVL2:
 721 0178 0F93      		push r16
 722 017a 1F93      		push r17
 723               	/* prologue: function */
 724               	/* frame size = 0 */
 725 017c 182F      		mov r17,r24
 726 017e 862F      		mov r24,r22
 727               	.LVL3:
 728 0180 042F      		mov r16,r20
 729               	.LM175:
 730 0182 0E94 0000 		call WS2812B_Send_Byte
 731               	.LVL4:
 732               	.LM176:
 733 0186 812F      		mov r24,r17
 734 0188 0E94 0000 		call WS2812B_Send_Byte
 735               	.LM177:
 736 018c 802F      		mov r24,r16
 737 018e 0E94 0000 		call WS2812B_Send_Byte
 738               	/* epilogue start */
 739               	.LM178:
 740 0192 1F91      		pop r17
 741               	.LVL5:
 742 0194 0F91      		pop r16
 743               	.LVL6:
 744 0196 0895      		ret
 745               	.LFE8:
 747               	.global	WS2812B_Pixel_Delay
 749               	WS2812B_Pixel_Delay:
 750               	.LFB9:
 751               	.LM179:
 752               	/* prologue: function */
 753               	/* frame size = 0 */
 754               	.LM180:
 755 0198 80E0      		ldi r24,lo8(0)
 756 019a 90E0      		ldi r25,hi8(0)
 757               	.L24:
 758               	.LBB4:
 759               	.LM181:
 760               	/* #APP */
 761               	 ;  232 "ws2812b.c" 1
 762 019c 0000      		nop 
 763               	 ;  0 "" 2
 764               	/* #NOAPP */
 765 019e 0196      		adiw r24,1
 766               	.LM182:
 767 01a0 2CE9      		ldi r18,hi8(-25536)
 768 01a2 8034      		cpi r24,lo8(-25536)
 769 01a4 9207      		cpc r25,r18
 770 01a6 01F4      		brne .L24
 771               	/* epilogue start */
 772               	.LBE4:
 773               	.LM183:
 774 01a8 0895      		ret
 775               	.LFE9:
 777               	.global	WS2812_Clear_All_Pixels
 779               	WS2812_Clear_All_Pixels:
 780               	.LFB10:
 781               	.LM184:
 782 01aa 1F93      		push r17
 783               	/* prologue: function */
 784               	/* frame size = 0 */
 785               	.LM185:
 786 01ac 10E0      		ldi r17,lo8(0)
 787               	.LVL7:
 788               	.L28:
 789               	.LBB5:
 790               	.LM186:
 791 01ae 80E0      		ldi r24,lo8(0)
 792 01b0 60E0      		ldi r22,lo8(0)
 793 01b2 40E0      		ldi r20,lo8(0)
 794 01b4 0E94 0000 		call WS2812B_Send_Pixel
 795               	.LM187:
 796 01b8 1F5F      		subi r17,lo8(-(1))
 797 01ba 1A30      		cpi r17,lo8(10)
 798 01bc 01F4      		brne .L28
 799               	/* epilogue start */
 800               	.LBE5:
 801               	.LM188:
 802 01be 1F91      		pop r17
 803               	.LVL8:
 804 01c0 0895      		ret
 805               	.LFE10:
 807               	.global	WS2812B_Init
 809               	WS2812B_Init:
 810               	.LFB11:
 811               	.LM189:
 812               	/* prologue: function */
 813               	/* frame size = 0 */
 814               	.LBB6:
 815               	.LBB7:
 816               	.LM190:
 817 01c2 559A      		sbi 42-32,5
 818               	.LM191:
 819 01c4 5D98      		cbi 43-32,5
 820               	.LBE7:
 821               	.LBE6:
 822               	.LM192:
 823 01c6 0E94 0000 		call WS2812_Clear_All_Pixels
 824               	.LM193:
 825 01ca 8FEF      		ldi r24,lo8(-1)
 826 01cc 8093 0000 		sts red,r24
 827               	.LM194:
 828 01d0 82E0      		ldi r24,lo8(2)
 829 01d2 8093 0000 		sts red_dir,r24
 830               	.LM195:
 831 01d6 8093 0000 		sts green_dir,r24
 832               	.LM196:
 833 01da 8093 0000 		sts blue_dir,r24
 834               	/* epilogue start */
 835               	.LM197:
 836 01de 0895      		ret
 837               	.LFE11:
 839               	.global	WS2812B_Rotate_All_Color
 841               	WS2812B_Rotate_All_Color:
 842               	.LFB12:
 843               	.LM198:
 844 01e0 1F93      		push r17
 845               	/* prologue: function */
 846               	/* frame size = 0 */
 847               	.LM199:
 848 01e2 10E0      		ldi r17,lo8(0)
 849               	.LVL9:
 850               	.L34:
 851               	.LBB8:
 852               	.LM200:
 853 01e4 8091 0000 		lds r24,red
 854 01e8 6091 0000 		lds r22,green
 855 01ec 4091 0000 		lds r20,blue
 856 01f0 0E94 0000 		call WS2812B_Send_Pixel
 857               	.LM201:
 858 01f4 1F5F      		subi r17,lo8(-(1))
 859 01f6 1A30      		cpi r17,lo8(10)
 860 01f8 01F4      		brne .L34
 861               	.LBE8:
 862               	.LM202:
 863 01fa 8091 0000 		lds r24,red_dir
 864 01fe 8823      		tst r24
 865 0200 01F4      		brne .L35
 866               	.LM203:
 867 0202 8091 0000 		lds r24,red
 868 0206 8F3F      		cpi r24,lo8(-1)
 869 0208 01F0      		breq .L36
 870               	.LM204:
 871 020a 8F5F      		subi r24,lo8(-(1))
 872 020c 00C0      		rjmp .L49
 873               	.L35:
 874               	.LM205:
 875 020e 8130      		cpi r24,lo8(1)
 876 0210 01F4      		brne .L36
 877               	.LM206:
 878 0212 8091 0000 		lds r24,red
 879 0216 8823      		tst r24
 880 0218 01F0      		breq .L36
 881               	.LM207:
 882 021a 8150      		subi r24,lo8(-(-1))
 883               	.L49:
 884 021c 8093 0000 		sts red,r24
 885               	.L36:
 886               	.LM208:
 887 0220 8091 0000 		lds r24,green_dir
 888 0224 8823      		tst r24
 889 0226 01F4      		brne .L37
 890               	.LM209:
 891 0228 8091 0000 		lds r24,green
 892 022c 8F3F      		cpi r24,lo8(-1)
 893 022e 01F0      		breq .L38
 894               	.LM210:
 895 0230 8F5F      		subi r24,lo8(-(1))
 896 0232 00C0      		rjmp .L50
 897               	.L37:
 898               	.LM211:
 899 0234 8130      		cpi r24,lo8(1)
 900 0236 01F4      		brne .L38
 901               	.LM212:
 902 0238 8091 0000 		lds r24,green
 903 023c 8823      		tst r24
 904 023e 01F0      		breq .L38
 905               	.LM213:
 906 0240 8150      		subi r24,lo8(-(-1))
 907               	.L50:
 908 0242 8093 0000 		sts green,r24
 909               	.L38:
 910               	.LM214:
 911 0246 8091 0000 		lds r24,blue_dir
 912 024a 8823      		tst r24
 913 024c 01F4      		brne .L39
 914               	.LM215:
 915 024e 8091 0000 		lds r24,blue
 916 0252 8F3F      		cpi r24,lo8(-1)
 917 0254 01F0      		breq .L40
 918               	.LM216:
 919 0256 8F5F      		subi r24,lo8(-(1))
 920 0258 00C0      		rjmp .L51
 921               	.L39:
 922               	.LM217:
 923 025a 8130      		cpi r24,lo8(1)
 924 025c 01F4      		brne .L40
 925               	.LM218:
 926 025e 8091 0000 		lds r24,blue
 927 0262 8823      		tst r24
 928 0264 01F0      		breq .L40
 929               	.LM219:
 930 0266 8150      		subi r24,lo8(-(-1))
 931               	.L51:
 932 0268 8093 0000 		sts blue,r24
 933               	.L40:
 934               	.LM220:
 935 026c 8091 0000 		lds r24,red
 936 0270 8F3F      		cpi r24,lo8(-1)
 937 0272 01F4      		brne .L41
 938 0274 8091 0000 		lds r24,green
 939 0278 8823      		tst r24
 940 027a 01F4      		brne .L42
 941 027c 8091 0000 		lds r24,blue
 942 0280 8823      		tst r24
 943 0282 01F4      		brne .L44
 944               	.LM221:
 945 0284 82E0      		ldi r24,lo8(2)
 946 0286 8093 0000 		sts red_dir,r24
 947               	.LM222:
 948 028a 1092 0000 		sts green_dir,__zero_reg__
 949 028e 00C0      		rjmp .L52
 950               	.L42:
 951               	.LM223:
 952 0290 8F3F      		cpi r24,lo8(-1)
 953 0292 01F4      		brne .L44
 954 0294 8091 0000 		lds r24,blue
 955 0298 8823      		tst r24
 956 029a 01F4      		brne .L44
 957               	.LM224:
 958 029c 81E0      		ldi r24,lo8(1)
 959 029e 8093 0000 		sts red_dir,r24
 960               	.LM225:
 961 02a2 82E0      		ldi r24,lo8(2)
 962 02a4 8093 0000 		sts green_dir,r24
 963 02a8 00C0      		rjmp .L52
 964               	.L41:
 965               	.LM226:
 966 02aa 8823      		tst r24
 967 02ac 01F4      		brne .L45
 968 02ae 8091 0000 		lds r24,green
 969 02b2 8F3F      		cpi r24,lo8(-1)
 970 02b4 01F4      		brne .L47
 971 02b6 8091 0000 		lds r24,blue
 972 02ba 8823      		tst r24
 973 02bc 01F4      		brne .L46
 974               	.LM227:
 975 02be 82E0      		ldi r24,lo8(2)
 976 02c0 8093 0000 		sts red_dir,r24
 977               	.LM228:
 978 02c4 8093 0000 		sts green_dir,r24
 979               	.LM229:
 980 02c8 1092 0000 		sts blue_dir,__zero_reg__
 981 02cc 00C0      		rjmp .L47
 982               	.L46:
 983               	.LM230:
 984 02ce 8F3F      		cpi r24,lo8(-1)
 985 02d0 01F4      		brne .L47
 986               	.LM231:
 987 02d2 1092 0000 		sts red_dir,__zero_reg__
 988               	.LM232:
 989 02d6 81E0      		ldi r24,lo8(1)
 990 02d8 8093 0000 		sts green_dir,r24
 991               	.LM233:
 992 02dc 82E0      		ldi r24,lo8(2)
 993 02de 00C0      		rjmp .L52
 994               	.L45:
 995               	.LM234:
 996 02e0 8F3F      		cpi r24,lo8(-1)
 997 02e2 01F4      		brne .L47
 998               	.L44:
 999 02e4 8091 0000 		lds r24,green
 1000 02e8 8823      		tst r24
 1001 02ea 01F4      		brne .L47
 1002 02ec 8091 0000 		lds r24,blue
 1003 02f0 8F3F      		cpi r24,lo8(-1)
 1004 02f2 01F4      		brne .L47
 1005               	.LM235:
 1006 02f4 82E0      		ldi r24,lo8(2)
 1007 02f6 8093 0000 		sts red_dir,r24
 1008               	.LM236:
 1009 02fa 8093 0000 		sts green_dir,r24
 1010               	.LM237:
 1011 02fe 81E0      		ldi r24,lo8(1)
 1012               	.L52:
 1013 0300 8093 0000 		sts blue_dir,r24
 1014               	.L47:
 1015               	/* epilogue start */
 1016               	.LM238:
 1017 0304 1F91      		pop r17
 1018               	.LVL10:
 1019 0306 0895      		ret
 1020               	.LFE12:
 1022               	.global	red
 1023               	.global	red
 1024               		.section .bss
 1027               	red:
 1028 0000 00        		.skip 1,0
 1029               	.global	green
 1030               	.global	green
 1033               	green:
 1034 0001 00        		.skip 1,0
 1035               	.global	blue
 1036               	.global	blue
 1039               	blue:
 1040 0002 00        		.skip 1,0
 1041               	.global	red_dir
 1042               	.global	red_dir
 1045               	red_dir:
 1046 0003 00        		.skip 1,0
 1047               	.global	green_dir
 1048               	.global	green_dir
 1051               	green_dir:
 1052 0004 00        		.skip 1,0
 1053               	.global	blue_dir
 1054               	.global	blue_dir
 1057               	blue_dir:
 1058 0005 00        		.skip 1,0
 1131               	.Letext0:
DEFINED SYMBOLS
                            *ABS*:00000000 ws2812b.c
C:\Users\FARIDU~1\AppData\Local\Temp/ccO2SipU.s:2      *ABS*:0000003f __SREG__
C:\Users\FARIDU~1\AppData\Local\Temp/ccO2SipU.s:3      *ABS*:0000003e __SP_H__
C:\Users\FARIDU~1\AppData\Local\Temp/ccO2SipU.s:4      *ABS*:0000003d __SP_L__
C:\Users\FARIDU~1\AppData\Local\Temp/ccO2SipU.s:5      *ABS*:00000034 __CCP__
C:\Users\FARIDU~1\AppData\Local\Temp/ccO2SipU.s:6      *ABS*:00000000 __tmp_reg__
C:\Users\FARIDU~1\AppData\Local\Temp/ccO2SipU.s:7      *ABS*:00000001 __zero_reg__
C:\Users\FARIDU~1\AppData\Local\Temp/ccO2SipU.s:18     .text:00000000 WS2812B_Gpio_Init
C:\Users\FARIDU~1\AppData\Local\Temp/ccO2SipU.s:34     .text:00000006 WS2812B_Send_Byte
C:\Users\FARIDU~1\AppData\Local\Temp/ccO2SipU.s:717    .text:00000178 WS2812B_Send_Pixel
C:\Users\FARIDU~1\AppData\Local\Temp/ccO2SipU.s:749    .text:00000198 WS2812B_Pixel_Delay
C:\Users\FARIDU~1\AppData\Local\Temp/ccO2SipU.s:779    .text:000001aa WS2812_Clear_All_Pixels
C:\Users\FARIDU~1\AppData\Local\Temp/ccO2SipU.s:809    .text:000001c2 WS2812B_Init
C:\Users\FARIDU~1\AppData\Local\Temp/ccO2SipU.s:1027   .bss:00000000 red
C:\Users\FARIDU~1\AppData\Local\Temp/ccO2SipU.s:1045   .bss:00000003 red_dir
C:\Users\FARIDU~1\AppData\Local\Temp/ccO2SipU.s:1051   .bss:00000004 green_dir
C:\Users\FARIDU~1\AppData\Local\Temp/ccO2SipU.s:1057   .bss:00000005 blue_dir
C:\Users\FARIDU~1\AppData\Local\Temp/ccO2SipU.s:841    .text:000001e0 WS2812B_Rotate_All_Color
C:\Users\FARIDU~1\AppData\Local\Temp/ccO2SipU.s:1033   .bss:00000001 green
C:\Users\FARIDU~1\AppData\Local\Temp/ccO2SipU.s:1039   .bss:00000002 blue

UNDEFINED SYMBOLS
__do_clear_bss
